2025-11-18 14:00:18 [error]: Erreur lors du backup
2025-11-18 14:05:02 [error]: Erreur lors du backup
2025-11-18 14:07:30 [error]: Erreur lors du backup
2025-11-18 14:12:14 [error]: Erreur lors du backup
2025-11-18 14:18:21 [error]: Erreur lors du backup
2025-11-18 14:21:08 [error]: Erreur lors du backup
2025-11-18 14:21:46 [error]: Erreur lors du backup
2025-11-18 14:22:31 [error]: Erreur lors du backup
2025-11-18 14:22:50 [error]: Erreur d'envoi email à hello@nzui.tech: ImportCall("nodemailer-express-handlebars") is not a function
2025-11-18 14:22:50 [error]: UNHANDLED REJECTION! 💥 Shutting down...
2025-11-18 14:22:50 [error]: TypeError
2025-11-18 14:23:49 [error]: Erreur lors du backup
2025-11-18 14:48:59 [error]: Erreur lors du backup
2025-11-18 14:55:18 [error]: Erreur lors du backup
2025-11-18 14:57:09 [error]: Erreur d'envoi email à hello@nzui.tech: ENOENT: no such file or directory, open '../emailTemplate/newUser.hbs'
2025-11-18 14:57:09 [error]: UNHANDLED REJECTION! 💥 Shutting down...
2025-11-18 14:57:09 [error]: Error
2025-11-18 14:57:55 [error]: Erreur lors du backup
2025-11-18 14:58:30 [error]: Error: connect ECONNREFUSED 127.0.0.1:587
    at TCPConnectWrap.afterConnect [as oncomplete] (node:net:1555:16)
2025-11-18 15:05:45 [error]: Erreur lors du backup
2025-11-18 15:06:48 [error]: Error: Greeting never received
    at SMTPConnection._formatError (/var/events/backend/node_modules/nodemailer/lib/smtp-connection/index.js:809:19)
    at SMTPConnection._onError (/var/events/backend/node_modules/nodemailer/lib/smtp-connection/index.js:795:20)
    at Timeout.<anonymous> (/var/events/backend/node_modules/nodemailer/lib/smtp-connection/index.js:729:22)
    at listOnTimeout (node:internal/timers:569:17)
    at process.processTimers (node:internal/timers:512:7)
2025-11-18 15:08:24 [error]: Erreur lors du backup
2025-11-18 15:09:53 [error]: Error: Greeting never received
    at SMTPConnection._formatError (/var/events/backend/node_modules/nodemailer/lib/smtp-connection/index.js:809:19)
    at SMTPConnection._onError (/var/events/backend/node_modules/nodemailer/lib/smtp-connection/index.js:795:20)
    at Timeout.<anonymous> (/var/events/backend/node_modules/nodemailer/lib/smtp-connection/index.js:729:22)
    at listOnTimeout (node:internal/timers:569:17)
    at process.processTimers (node:internal/timers:512:7)
2025-11-18 15:11:04 [error]: Erreur lors du backup
2025-11-18 15:11:20 [error]: Error: Missing credentials for "PLAIN"
    at SMTPConnection._formatError (/var/events/backend/node_modules/nodemailer/lib/smtp-connection/index.js:809:19)
    at SMTPConnection.login (/var/events/backend/node_modules/nodemailer/lib/smtp-connection/index.js:454:38)
    at /var/events/backend/node_modules/nodemailer/lib/smtp-transport/index.js:272:32
    at SMTPConnection.<anonymous> (/var/events/backend/node_modules/nodemailer/lib/smtp-connection/index.js:215:17)
    at Object.onceWrapper (node:events:631:28)
    at SMTPConnection.emit (node:events:517:28)
    at SMTPConnection._actionEHLO (/var/events/backend/node_modules/nodemailer/lib/smtp-connection/index.js:1371:14)
    at SMTPConnection._processResponse (/var/events/backend/node_modules/nodemailer/lib/smtp-connection/index.js:993:20)
    at SMTPConnection._onData (/var/events/backend/node_modules/nodemailer/lib/smtp-connection/index.js:774:14)
    at SMTPConnection._onSocketData (/var/events/backend/node_modules/nodemailer/lib/smtp-connection/index.js:195:44)
2025-11-18 15:12:00 [error]: Erreur lors du backup
2025-11-18 15:12:27 [error]: Error: Missing credentials for "PLAIN"
    at SMTPConnection._formatError (/var/events/backend/node_modules/nodemailer/lib/smtp-connection/index.js:809:19)
    at SMTPConnection.login (/var/events/backend/node_modules/nodemailer/lib/smtp-connection/index.js:454:38)
    at /var/events/backend/node_modules/nodemailer/lib/smtp-transport/index.js:272:32
    at SMTPConnection.<anonymous> (/var/events/backend/node_modules/nodemailer/lib/smtp-connection/index.js:215:17)
    at Object.onceWrapper (node:events:631:28)
    at SMTPConnection.emit (node:events:517:28)
    at SMTPConnection._actionEHLO (/var/events/backend/node_modules/nodemailer/lib/smtp-connection/index.js:1371:14)
    at SMTPConnection._processResponse (/var/events/backend/node_modules/nodemailer/lib/smtp-connection/index.js:993:20)
    at SMTPConnection._onData (/var/events/backend/node_modules/nodemailer/lib/smtp-connection/index.js:774:14)
    at SMTPConnection._onSocketData (/var/events/backend/node_modules/nodemailer/lib/smtp-connection/index.js:195:44)
2025-11-18 15:15:38 [error]: Erreur lors du backup
2025-11-18 15:33:26 [error]: Erreur lors du backup
2025-11-18 15:53:08 [error]: Erreur lors du backup
2025-11-18 15:58:54 [error]: Erreur lors du backup
2025-11-18 16:07:07 [error]: Erreur lors du backup
2025-11-18 16:20:00 [error]: Erreur lors du backup
2025-11-18 16:31:03 [error]: Erreur lors du backup
2025-11-18 16:32:27 [error]: ReferenceError: err is not defined
    at exports.createMessage (/var/events/backend/controllers/messageController.js:41:43)
    at process.processTicksAndRejections (node:internal/process/task_queues:95:5)
2025-11-18 16:32:27 [error]: UNHANDLED REJECTION! 💥 Shutting down...
2025-11-18 16:32:27 [error]: ReferenceError
2025-11-18 16:32:28 [error]: Erreur lors de l'envoi de l'alerte
2025-11-18 16:36:02 [error]: Erreur lors du backup
2025-11-18 16:37:02 [error]: Erreur lors du backup
2025-11-18 16:41:59 [error]: Erreur lors du backup
2025-11-18 16:53:40 [error]: Erreur lors du backup
2025-11-18 16:56:08 +01:00: Tue, 18 Nov 2025 15:56:08 GMT body-parser deprecated undefined extended: provide extended option at server.js:12:17
2025-11-18 16:56:09 [error]: Erreur lors du backup
